#
# A fatal error has been detected by the Java Runtime Environment:
#
#  EXCEPTION_STACK_OVERFLOW (0xc00000fd) at pc=0x0000000066943b57, pid=9208, tid=0x0000000000001898
#
# JRE version: Java(TM) SE Runtime Environment (8.0_121-b13) (build 1.8.0_121-b13)
# Java VM: Java HotSpot(TM) 64-Bit Server VM (25.121-b13 mixed mode windows-amd64 compressed oops)
# Problematic frame:
# V  [jvm.dll+0x213b57]
#
# Failed to write core dump. Minidumps are not enabled by default on client versions of Windows
#
# If you would like to submit a bug report, please visit:
#   http://bugreport.java.com/bugreport/crash.jsp
#

---------------  T H R E A D  ---------------

Current thread (0x000000005bdf5800):  JavaThread "JMX server connection timeout 30" daemon [_thread_in_vm, id=6296, stack(0x000000005d4d0000,0x000000005d5d0000)]

siginfo: ExceptionCode=0xc00000fd, ExceptionInformation=0x0000000000000001 0x000000005d5cc230 

Registers:
RAX=0x000000005d5cc230, RBX=0x0000000000000004, RCX=0x0000000000003000, RDX=0x0000000000000006
RSP=0x000000005d5cf230, RBP=0x0000000000000000, RSI=0x000000005d5cf230, RDI=0x0000000000000004
R8 =0x0000000000000006, R9 =0x0000000058c88a90, R10=0x0000000056a8d4b8, R11=0x000000005d4da148
R12=0x0000000058c88a90, R13=0x000000005bdf5800, R14=0x000000005d5cf2f8, R15=0x0000000056a8d4b8
RIP=0x0000000066943b57, EFLAGS=0x0000000000010206

Top of Stack: (sp=0x000000005d5cf230)
0x000000005d5cf230:   000000005be4f900 0000000074a14e7e
0x000000005d5cf240:   000000005bdf5800 0000000058c88a90
0x000000005d5cf250:   00000000ffffffff 0000000066944a87
0x000000005d5cf260:   000000005d5cf360 0000000056a8d4b8
0x000000005d5cf270:   000000005bdf5800 00000000667f0923
0x000000005d5cf280:   000000005d5cf2c0 000000005bdf5800
0x000000005d5cf290:   000000005d5cf350 000000005bdf5800
0x000000005d5cf2a0:   0000000056a8d4b8 000000005bdf5800
0x000000005d5cf2b0:   00000000029d31e0 000000005bdf5800
0x000000005d5cf2c0:   0000000056a8d4b8 000000005bdf5800
0x000000005d5cf2d0:   0000000056a8d4b8 000000005bdf5800
0x000000005d5cf2e0:   0000000000000001 0000000056a8d4b8
0x000000005d5cf2f0:   000000005bdf5800 000000005b712840
0x000000005d5cf300:   000000005bdf5800 00000000667f1e0d
0x000000005d5cf310:   000000005d5cf618 0000000016a669a0
0x000000005d5cf320:   0000000016a669a0 0000000000000000 

Instructions: (pc=0x0000000066943b57)
0x0000000066943b37:   48 89 6c 24 30 33 ed 66 90 e8 2b 3b 08 00 ff c3
0x0000000066943b47:   48 63 c8 48 8b c6 48 0f af cf 48 ff c7 48 2b c1
0x0000000066943b57:   89 28 48 63 c3 48 3b 05 75 1b 59 00 7e db 48 8b
0x0000000066943b67:   6c 24 30 48 8b 5c 24 38 48 8b 74 24 40 48 83 c4 


Register to memory mapping:

RAX=0x000000005d5cc230 is pointing into the stack for thread: 0x000000005bdf5800
RBX=0x0000000000000004 is an unknown value
RCX=0x0000000000003000 is an unknown value
RDX=0x0000000000000006 is an unknown value
RSP=0x000000005d5cf230 is pointing into the stack for thread: 0x000000005bdf5800
RBP=0x0000000000000000 is an unknown value
RSI=0x000000005d5cf230 is pointing into the stack for thread: 0x000000005bdf5800
RDI=0x0000000000000004 is an unknown value
R8 =0x0000000000000006 is an unknown value
R9 =0x0000000058c88a90 is an unknown value
R10={method} {0x0000000056a8d4c0} 'run' '()V' in 'java/lang/Thread'
R11=0x000000005d4da148 is pointing into the stack for thread: 0x000000005bdf5800
R12=0x0000000058c88a90 is an unknown value
R13=0x000000005bdf5800 is a thread
R14=0x000000005d5cf2f8 is pointing into the stack for thread: 0x000000005bdf5800
R15={method} {0x0000000056a8d4c0} 'run' '()V' in 'java/lang/Thread'


Stack: [0x000000005d4d0000,0x000000005d5d0000],  sp=0x000000005d5cf230,  free space=1020k
Native frames: (J=compiled Java code, j=interpreted, Vv=VM code, C=native code)


---------------  P R O C E S S  ---------------

Java Threads: ( => current thread )
=>0x000000005bdf5800 JavaThread "JMX server connection timeout 30" daemon [_thread_in_vm, id=6296, stack(0x000000005d4d0000,0x000000005d5d0000)]
  0x000000005bdf4800 JavaThread "Thread-0" [_thread_new, id=1808, stack(0x0000000000000000,0x0000000000000000)]
  0x000000005bdf4000 JavaThread "DestroyJavaVM" [_thread_blocked, id=5584, stack(0x0000000002720000,0x0000000002820000)]
  0x00000000598a1800 JavaThread "RMI TCP Connection(2)-127.0.0.1" daemon [_thread_in_native, id=5828, stack(0x000000005ab60000,0x000000005ac60000)]
  0x0000000059838800 JavaThread "RMI Scheduler(0)" daemon [_thread_blocked, id=5256, stack(0x000000005a9d0000,0x000000005aad0000)]
  0x0000000059827000 JavaThread "RMI TCP Connection(1)-127.0.0.1" daemon [_thread_in_native, id=4736, stack(0x000000005a4a0000,0x000000005a5a0000)]
  0x00000000597a2800 JavaThread "RMI TCP Accept-0" daemon [_thread_in_native, id=1112, stack(0x0000000058540000,0x0000000058640000)]
  0x0000000059797800 JavaThread "RMI TCP Accept-59320" daemon [_thread_in_native, id=5180, stack(0x000000005a330000,0x000000005a430000)]
  0x000000005978f000 JavaThread "RMI TCP Accept-0" daemon [_thread_in_native, id=4248, stack(0x0000000058750000,0x0000000058850000)]
  0x0000000058d6e800 JavaThread "Service Thread" daemon [_thread_blocked, id=8888, stack(0x0000000059dc0000,0x0000000059ec0000)]
  0x0000000058d1c800 JavaThread "C1 CompilerThread2" daemon [_thread_blocked, id=964, stack(0x0000000059410000,0x0000000059510000)]
  0x0000000058d0f000 JavaThread "C2 CompilerThread1" daemon [_thread_blocked, id=2228, stack(0x0000000059030000,0x0000000059130000)]
  0x0000000058d0e000 JavaThread "C2 CompilerThread0" daemon [_thread_blocked, id=7728, stack(0x00000000592d0000,0x00000000593d0000)]
  0x0000000058d0d800 JavaThread "Monitor Ctrl-Break" daemon [_thread_in_native, id=5596, stack(0x0000000059130000,0x0000000059230000)]
  0x000000005897a800 JavaThread "Attach Listener" daemon [_thread_blocked, id=7988, stack(0x0000000058ef0000,0x0000000058ff0000)]
  0x0000000057452000 JavaThread "Signal Dispatcher" daemon [_thread_blocked, id=8496, stack(0x0000000058d70000,0x0000000058e70000)]
  0x000000005743f000 JavaThread "Finalizer" daemon [_thread_blocked, id=6076, stack(0x0000000058870000,0x0000000058970000)]
  0x00000000573f7800 JavaThread "Reference Handler" daemon [_thread_blocked, id=4644, stack(0x0000000058640000,0x0000000058740000)]

Other Threads:
  0x00000000573ef800 VMThread [stack: 0x0000000058420000,0x0000000058520000] [id=4912]
  0x00000000597a5800 WatcherThread [stack: 0x000000005a620000,0x000000005a720000] [id=8104]

VM state:not at safepoint (normal execution)

VM Mutex/Monitor currently owned by a thread: None

Heap:
 PSYoungGen      total 68608K, used 1817K [0x00000000d6e00000, 0x00000000db600000, 0x0000000100000000)
  eden space 63488K, 2% used [0x00000000d6e00000,0x00000000d6fc6530,0x00000000dac00000)
  from space 5120K, 0% used [0x00000000dac00000,0x00000000dac00000,0x00000000db100000)
  to   space 5120K, 0% used [0x00000000db100000,0x00000000db100000,0x00000000db600000)
 ParOldGen       total 50688K, used 9680K [0x0000000084a00000, 0x0000000087b80000, 0x00000000d6e00000)
  object space 50688K, 19% used [0x0000000084a00000,0x0000000085374198,0x0000000087b80000)
 Metaspace       used 29982K, capacity 31438K, committed 31744K, reserved 1079296K
  class space    used 4016K, capacity 4305K, committed 4352K, reserved 1048576K

Card table byte_map: [0x0000000011d80000,0x0000000012160000] byte_map_base: 0x000000001195b000

Marking Bits: (ParMarkBitMap*) 0x0000000066f4b6d0
 Begin Bits: [0x00000000128d0000, 0x00000000147a8000)
 End Bits:   [0x00000000147a8000, 0x0000000016680000)

Polling page: 0x0000000000130000

CodeCache: size=245760Kb used=6463Kb max_used=6463Kb free=239296Kb
 bounds [0x00000000029c0000, 0x0000000003010000, 0x00000000119c0000]
 total_blobs=3459 nmethods=3037 adapters=333
 compilation: disabled (not enough contiguous free space left)

Compilation events (10 events):
Event: 4.415 Thread 0x0000000058d1c800 3032       1       org.springframework.util.ClassUtils::hasMethod (15 bytes)
Event: 4.415 Thread 0x0000000058d1c800 nmethod 3032 0x000000000300d1d0 code [0x000000000300d320, 0x000000000300d448]
Event: 4.426 Thread 0x0000000058d1c800 3034       1       java.beans.Introspector::<init> (199 bytes)
Event: 4.427 Thread 0x0000000058d1c800 nmethod 3034 0x000000000300d850 code [0x000000000300daa0, 0x000000000300e368]
Event: 4.427 Thread 0x0000000058d1c800 3035   !   1       java.beans.Introspector::findCustomizerClass (58 bytes)
Event: 4.428 Thread 0x0000000058d1c800 nmethod 3035 0x000000000300ead0 code [0x000000000300ece0, 0x000000000300f328]
Event: 4.428 Thread 0x0000000058d1c800 3036       1       java.beans.GenericBeanInfo::<init> (60 bytes)
Event: 4.429 Thread 0x0000000058d1c800 nmethod 3036 0x000000000300f990 code [0x000000000300fae0, 0x000000000300fd50]
Event: 4.429 Thread 0x0000000058d1c800 3037       1       java.beans.SimpleBeanInfo::<init> (5 bytes)
Event: 4.432 Thread 0x0000000058d1c800 


GC Heap History (10 events):
Event: 3.989 GC heap before
{Heap before GC invocations=8 (full 1):
 PSYoungGen      total 68608K, used 68577K [0x00000000d6e00000, 0x00000000db600000, 0x0000000100000000)
  eden space 63488K, 100% used [0x00000000d6e00000,0x00000000dac00000,0x00000000dac00000)
  from space 5120K, 99% used [0x00000000db100000,0x00000000db5f87a8,0x00000000db600000)
  to   space 5120K, 0% used [0x00000000dac00000,0x00000000dac00000,0x00000000db100000)
 ParOldGen       total 50688K, used 9780K [0x0000000084a00000, 0x0000000087b80000, 0x00000000d6e00000)
  object space 50688K, 19% used [0x0000000084a00000,0x000000008538d3a8,0x0000000087b80000)
 Metaspace       used 27835K, capacity 29126K, committed 29440K, reserved 1075200K
  class space    used 3732K, capacity 4009K, committed 4096K, reserved 1048576K
Event: 4.007 GC heap after
Heap after GC invocations=8 (full 1):
 PSYoungGen      total 68608K, used 5092K [0x00000000d6e00000, 0x00000000db600000, 0x0000000100000000)
  eden space 63488K, 0% used [0x00000000d6e00000,0x00000000d6e00000,0x00000000dac00000)
  from space 5120K, 99% used [0x00000000dac00000,0x00000000db0f9040,0x00000000db100000)
  to   space 5120K, 0% used [0x00000000db100000,0x00000000db100000,0x00000000db600000)
 ParOldGen       total 50688K, used 12343K [0x0000000084a00000, 0x0000000087b80000, 0x00000000d6e00000)
  object space 50688K, 24% used [0x0000000084a00000,0x000000008560df20,0x0000000087b80000)
 Metaspace       used 27835K, capacity 29126K, committed 29440K, reserved 1075200K
  class space    used 3732K, capacity 4009K, committed 4096K, reserved 1048576K
}
Event: 4.444 GC heap before
{Heap before GC invocations=9 (full 1):
 PSYoungGen      total 68608K, used 65331K [0x00000000d6e00000, 0x00000000db600000, 0x0000000100000000)
  eden space 63488K, 94% used [0x00000000d6e00000,0x00000000da8d3f68,0x00000000dac00000)
  from space 5120K, 99% used [0x00000000dac00000,0x00000000db0f9040,0x00000000db100000)
  to   space 5120K, 0% used [0x00000000db100000,0x00000000db100000,0x00000000db600000)
 ParOldGen       total 50688K, used 12343K [0x0000000084a00000, 0x0000000087b80000, 0x00000000d6e00000)
  object space 50688K, 24% used [0x0000000084a00000,0x000000008560df20,0x0000000087b80000)
 Metaspace       used 29681K, capacity 31074K, committed 31232K, reserved 1077248K
  class space    used 3955K, capacity 4257K, committed 4352K, reserved 1048576K
Event: 4.459 GC heap after
Heap after GC invocations=9 (full 1):
 PSYoungGen      total 68608K, used 5105K [0x00000000d6e00000, 0x00000000db600000, 0x0000000100000000)
  eden space 63488K, 0% used [0x00000000d6e00000,0x00000000d6e00000,0x00000000dac00000)
  from space 5120K, 99% used [0x00000000db100000,0x00000000db5fc4c8,0x00000000db600000)
  to   space 5120K, 0% used [0x00000000dac00000,0x00000000dac00000,0x00000000db100000)
 ParOldGen       total 50688K, used 16042K [0x0000000084a00000, 0x0000000087b80000, 0x00000000d6e00000)
  object space 50688K, 31% used [0x0000000084a00000,0x00000000859aab38,0x0000000087b80000)
 Metaspace       used 29681K, capacity 31074K, committed 31232K, reserved 1077248K
  class space    used 3955K, capacity 4257K, committed 4352K, reserved 1048576K
}
Event: 4.459 GC heap before
{Heap before GC invocations=10 (full 2):
 PSYoungGen      total 68608K, used 5105K [0x00000000d6e00000, 0x00000000db600000, 0x0000000100000000)
  eden space 63488K, 0% used [0x00000000d6e00000,0x00000000d6e00000,0x00000000dac00000)
  from space 5120K, 99% used [0x00000000db100000,0x00000000db5fc4c8,0x00000000db600000)
  to   space 5120K, 0% used [0x00000000dac00000,0x00000000dac00000,0x00000000db100000)
 ParOldGen       total 50688K, used 16042K [0x0000000084a00000, 0x0000000087b80000, 0x00000000d6e00000)
  object space 50688K, 31% used [0x0000000084a00000,0x00000000859aab38,0x0000000087b80000)
 Metaspace       used 29681K, capacity 31074K, committed 31232K, reserved 1077248K
  class space    used 3955K, capacity 4257K, committed 4352K, reserved 1048576K
Event: 4.560 GC heap after
Heap after GC invocations=10 (full 2):
 PSYoungGen      total 68608K, used 0K [0x00000000d6e00000, 0x00000000db600000, 0x0000000100000000)
  eden space 63488K, 0% used [0x00000000d6e00000,0x00000000d6e00000,0x00000000dac00000)
  from space 5120K, 0% used [0x00000000db100000,0x00000000db100000,0x00000000db600000)
  to   space 5120K, 0% used [0x00000000dac00000,0x00000000dac00000,0x00000000db100000)
 ParOldGen       total 50688K, used 16022K [0x0000000084a00000, 0x0000000087b80000, 0x00000000d6e00000)
  object space 50688K, 31% used [0x0000000084a00000,0x00000000859a5820,0x0000000087b80000)
 Metaspace       used 29681K, capacity 31074K, committed 31232K, reserved 1077248K
  class space    used 3955K, capacity 4257K, committed 4352K, reserved 1048576K
}
Event: 4.634 GC heap before
{Heap before GC invocations=11 (full 2):
 PSYoungGen      total 68608K, used 10721K [0x00000000d6e00000, 0x00000000db600000, 0x0000000100000000)
  eden space 63488K, 16% used [0x00000000d6e00000,0x00000000d7878768,0x00000000dac00000)
  from space 5120K, 0% used [0x00000000db100000,0x00000000db100000,0x00000000db600000)
  to   space 5120K, 0% used [0x00000000dac00000,0x00000000dac00000,0x00000000db100000)
 ParOldGen       total 50688K, used 16022K [0x0000000084a00000, 0x0000000087b80000, 0x00000000d6e00000)
  object space 50688K, 31% used [0x0000000084a00000,0x00000000859a5820,0x0000000087b80000)
 Metaspace       used 29974K, capacity 31374K, committed 31488K, reserved 1081344K
  class space    used 4014K, capacity 4306K, committed 4352K, reserved 1048576K
Event: 4.635 GC heap after
Heap after GC invocations=11 (full 2):
 PSYoungGen      total 68608K, used 451K [0x00000000d6e00000, 0x00000000db600000, 0x0000000100000000)
  eden space 63488K, 0% used [0x00000000d6e00000,0x00000000d6e00000,0x00000000dac00000)
  from space 5120K, 8% used [0x00000000dac00000,0x00000000dac70eb8,0x00000000db100000)
  to   space 5120K, 0% used [0x00000000db100000,0x00000000db100000,0x00000000db600000)
 ParOldGen       total 50688K, used 16022K [0x0000000084a00000, 0x0000000087b80000, 0x00000000d6e00000)
  object space 50688K, 31% used [0x0000000084a00000,0x00000000859a5820,0x0000000087b80000)
 Metaspace       used 29974K, capacity 31374K, committed 31488K, reserved 1081344K
  class space    used 4014K, capacity 4306K, committed 4352K, reserved 1048576K
}
Event: 4.635 GC heap before
{Heap before GC invocations=12 (full 3):
 PSYoungGen      total 68608K, used 451K [0x00000000d6e00000, 0x00000000db600000, 0x0000000100000000)
  eden space 63488K, 0% used [0x00000000d6e00000,0x00000000d6e00000,0x00000000dac00000)
  from space 5120K, 8% used [0x00000000dac00000,0x00000000dac70eb8,0x00000000db100000)
  to   space 5120K, 0% used [0x00000000db100000,0x00000000db100000,0x00000000db600000)
 ParOldGen       total 50688K, used 16022K [0x0000000084a00000, 0x0000000087b80000, 0x00000000d6e00000)
  object space 50688K, 31% used [0x0000000084a00000,0x00000000859a5820,0x0000000087b80000)
 Metaspace       used 29974K, capacity 31374K, committed 31488K, reserved 1081344K
  class space    used 4014K, capacity 4306K, committed 4352K, reserved 1048576K
Event: 4.769 GC heap after
Heap after GC invocations=12 (full 3):
 PSYoungGen      total 68608K, used 0K [0x00000000d6e00000, 0x00000000db600000, 0x0000000100000000)
  eden space 63488K, 0% used [0x00000000d6e00000,0x00000000d6e00000,0x00000000dac00000)
  from space 5120K, 0% used [0x00000000dac00000,0x00000000dac00000,0x00000000db100000)
  to   space 5120K, 0% used [0x00000000db100000,0x00000000db100000,0x00000000db600000)
 ParOldGen       total 50688K, used 9680K [0x0000000084a00000, 0x0000000087b80000, 0x00000000d6e00000)
  object space 50688K, 19% used [0x0000000084a00000,0x0000000085374198,0x0000000087b80000)
 Metaspace       used 29972K, capacity 31368K, committed 31488K, reserved 1079296K
  class space    used 4014K, capacity 4304K, committed 4352K, reserved 1048576K
}

Deoptimization events (0 events):
No events

Internal exceptions (10 events):
Event: 4.618 Thread 0x000000000238d000 Exception <a 'java/lang/ArrayIndexOutOfBoundsException'> (0x00000000d767ddb0) thrown at [C:\re\workspace\8-2-build-windows-amd64-cygwin\jdk8u121\8372\hotspot\src\share\vm\runtime\sharedRuntime.cpp, line 605]
Event: 4.618 Thread 0x000000000238d000 Exception <a 'java/lang/ArrayIndexOutOfBoundsException'> (0x00000000d767f830) thrown at [C:\re\workspace\8-2-build-windows-amd64-cygwin\jdk8u121\8372\hotspot\src\share\vm\runtime\sharedRuntime.cpp, line 605]
Event: 4.618 Thread 0x000000000238d000 Exception <a 'java/lang/ArrayIndexOutOfBoundsException'> (0x00000000d7685d68) thrown at [C:\re\workspace\8-2-build-windows-amd64-cygwin\jdk8u121\8372\hotspot\src\share\vm\runtime\sharedRuntime.cpp, line 605]
Event: 4.618 Thread 0x000000000238d000 Exception <a 'java/lang/ArrayIndexOutOfBoundsException'> (0x00000000d7687768) thrown at [C:\re\workspace\8-2-build-windows-amd64-cygwin\jdk8u121\8372\hotspot\src\share\vm\runtime\sharedRuntime.cpp, line 605]
Event: 4.619 Thread 0x000000000238d000 Exception <a 'java/lang/ArrayIndexOutOfBoundsException'> (0x00000000d7690bb8) thrown at [C:\re\workspace\8-2-build-windows-amd64-cygwin\jdk8u121\8372\hotspot\src\share\vm\runtime\sharedRuntime.cpp, line 605]
Event: 4.619 Thread 0x000000000238d000 Exception <a 'java/lang/ArrayIndexOutOfBoundsException'> (0x00000000d7699e20) thrown at [C:\re\workspace\8-2-build-windows-amd64-cygwin\jdk8u121\8372\hotspot\src\share\vm\runtime\sharedRuntime.cpp, line 605]
Event: 4.619 Thread 0x000000000238d000 Exception <a 'java/lang/ArrayIndexOutOfBoundsException'> (0x00000000d769c318) thrown at [C:\re\workspace\8-2-build-windows-amd64-cygwin\jdk8u121\8372\hotspot\src\share\vm\runtime\sharedRuntime.cpp, line 605]
Event: 4.619 Thread 0x000000000238d000 Exception <a 'java/lang/ArrayIndexOutOfBoundsException'> (0x00000000d76a5360) thrown at [C:\re\workspace\8-2-build-windows-amd64-cygwin\jdk8u121\8372\hotspot\src\share\vm\runtime\sharedRuntime.cpp, line 605]
Event: 4.620 Thread 0x000000000238d000 Exception <a 'java/lang/ArrayIndexOutOfBoundsException'> (0x00000000d76b3020) thrown at [C:\re\workspace\8-2-build-windows-amd64-cygwin\jdk8u121\8372\hotspot\src\share\vm\runtime\sharedRuntime.cpp, line 605]
Event: 4.780 Thread 0x00000000598a1800 Exception <a 'java/lang/reflect/InvocationTargetException'> (0x00000000d6fb5c88) thrown at [C:\re\workspace\8-2-build-windows-amd64-cygwin\jdk8u121\8372\hotspot\src\share\vm\runtime\reflection.cpp, line 1092]

Events (10 events):
Event: 4.633 Thread 0x000000000238d000 Thread exited: 0x000000000238d000
Event: 4.633 Thread 0x000000005bdf4000 Thread added: 0x000000005bdf4000
Event: 4.633 loading class java/util/IdentityHashMap$KeySet
Event: 4.633 Executing VM operation: CollectForMetadataAllocation
Event: 4.769 Executing VM operation: CollectForMetadataAllocation done
Event: 4.773 loading class java/util/IdentityHashMap$KeySet done
Event: 4.773 loading class java/util/IdentityHashMap$KeyIterator
Event: 4.773 loading class java/util/IdentityHashMap$KeyIterator done
Event: 4.774 Thread 0x000000005bdf4800 Thread added: 0x000000005bdf4800
Event: 4.775 Thread 0x000000005bdf5800 Thread added: 0x000000005bdf5800


Dynamic libraries:
0x000000013ff50000 - 0x000000013ff87000 	C:\Program Files\Java\jdk1.8.0_121\bin\java.exe
0x0000000077800000 - 0x00000000779aa000 	C:\Windows\SYSTEM32\ntdll.dll
0x00000000774a0000 - 0x00000000775bf000 	C:\Windows\system32\kernel32.dll
0x000007fefd6c0000 - 0x000007fefd72a000 	C:\Windows\system32\KERNELBASE.dll
0x000007fefe7b0000 - 0x000007fefe88b000 	C:\Windows\system32\ADVAPI32.dll
0x000007fefdfb0000 - 0x000007fefe04f000 	C:\Windows\system32\msvcrt.dll
0x000007fefe700000 - 0x000007fefe71f000 	C:\Windows\SYSTEM32\sechost.dll
0x000007fefdd20000 - 0x000007fefde4d000 	C:\Windows\system32\RPCRT4.dll
0x00000000775c0000 - 0x00000000776ba000 	C:\Windows\system32\USER32.dll
0x000007fefe720000 - 0x000007fefe787000 	C:\Windows\system32\GDI32.dll
0x000007fefead0000 - 0x000007fefeade000 	C:\Windows\system32\LPK.dll
0x000007fefe890000 - 0x000007fefe95b000 	C:\Windows\system32\USP10.dll
0x000007fefc4c0000 - 0x000007fefc6b4000 	C:\Windows\WinSxS\amd64_microsoft.windows.common-controls_6595b64144ccf1df_6.0.7601.18837_none_fa3b1e3d17594757\COMCTL32.dll
0x000007fefdf30000 - 0x000007fefdfa1000 	C:\Windows\system32\SHLWAPI.dll
0x000007fefdac0000 - 0x000007fefdaee000 	C:\Windows\system32\IMM32.DLL
0x000007fefe960000 - 0x000007fefea69000 	C:\Windows\system32\MSCTF.dll
0x000007fefd2d0000 - 0x000007fefd300000 	C:\Windows\system32\nvinitx.dll
0x000007fefd2c0000 - 0x000007fefd2cc000 	C:\Windows\system32\VERSION.dll
0x00000000749c0000 - 0x0000000074a92000 	C:\Program Files\Java\jdk1.8.0_121\jre\bin\msvcr100.dll
0x0000000066730000 - 0x0000000066fcb000 	C:\Program Files\Java\jdk1.8.0_121\jre\bin\server\jvm.dll
0x000007fef34b0000 - 0x000007fef34b9000 	C:\Windows\system32\WSOCK32.dll
0x000007fefea80000 - 0x000007fefeacd000 	C:\Windows\system32\WS2_32.dll
0x000007fefea70000 - 0x000007fefea78000 	C:\Windows\system32\NSI.dll
0x000007fefd620000 - 0x000007fefd65b000 	C:\Windows\system32\WINMM.dll
0x00000000779d0000 - 0x00000000779d7000 	C:\Windows\system32\PSAPI.DLL
0x0000000074b70000 - 0x0000000074b7f000 	C:\Program Files\Java\jdk1.8.0_121\jre\bin\verify.dll
0x0000000074b40000 - 0x0000000074b69000 	C:\Program Files\Java\jdk1.8.0_121\jre\bin\java.dll
0x0000000074af0000 - 0x0000000074b13000 	C:\Program Files\Java\jdk1.8.0_121\jre\bin\instrument.dll
0x0000000074b20000 - 0x0000000074b36000 	C:\Program Files\Java\jdk1.8.0_121\jre\bin\zip.dll
0x000007fefeae0000 - 0x000007feff86a000 	C:\Windows\system32\SHELL32.dll
0x000007feff910000 - 0x000007feffb0c000 	C:\Windows\system32\ole32.dll
0x000007fefd3a0000 - 0x000007fefd3af000 	C:\Windows\system32\profapi.dll
0x000007feddf60000 - 0x000007feddf7a000 	C:\Program Files\JetBrains\IntelliJ IDEA 2017.3.4\bin\breakgen64.dll
0x0000000074ad0000 - 0x0000000074aea000 	C:\Program Files\Java\jdk1.8.0_121\jre\bin\net.dll
0x000007fefcb20000 - 0x000007fefcb75000 	C:\Windows\system32\mswsock.dll
0x000007fefcb10000 - 0x000007fefcb17000 	C:\Windows\System32\wship6.dll
0x0000000074aa0000 - 0x0000000074aad000 	C:\Program Files\Java\jdk1.8.0_121\jre\bin\management.dll
0x0000000074ab0000 - 0x0000000074ac1000 	C:\Program Files\Java\jdk1.8.0_121\jre\bin\nio.dll
0x000007fefa520000 - 0x000007fefa535000 	C:\Windows\system32\NLAapi.dll
0x000007fef3a50000 - 0x000007fef3a65000 	C:\Windows\system32\napinsp.dll
0x000007fef3a30000 - 0x000007fef3a49000 	C:\Windows\system32\pnrpnsp.dll
0x000007fefc9a0000 - 0x000007fefc9fb000 	C:\Windows\system32\DNSAPI.dll
0x000007fef3a20000 - 0x000007fef3a2b000 	C:\Windows\System32\winrnr.dll
0x000007fef3980000 - 0x000007fef3990000 	C:\Windows\system32\wshbth.dll
0x000007fefbcc0000 - 0x000007fefbcc7000 	C:\Windows\System32\wshtcpip.dll
0x000007fefaac0000 - 0x000007fefaae7000 	C:\Windows\system32\IPHLPAPI.DLL
0x000007fefb2f0000 - 0x000007fefb2fb000 	C:\Windows\system32\WINNSI.DLL
0x000007fef4c70000 - 0x000007fef4c78000 	C:\Windows\system32\rasadhlp.dll
0x000007fef9fd0000 - 0x000007fefa023000 	C:\Windows\System32\fwpuclnt.dll
0x000007fefcb80000 - 0x000007fefcb98000 	C:\Windows\system32\CRYPTSP.dll
0x000007fefc880000 - 0x000007fefc8c7000 	C:\Windows\system32\rsaenh.dll
0x000007fefd660000 - 0x000007fefd67e000 	C:\Windows\system32\USERENV.dll
0x000007fefd1f0000 - 0x000007fefd1ff000 	C:\Windows\system32\CRYPTBASE.dll
0x000007fef9f20000 - 0x000007fef9f31000 	C:\Windows\system32\dhcpcsvc6.DLL
0x000007fef9f60000 - 0x000007fef9f78000 	C:\Windows\system32\dhcpcsvc.DLL

VM Arguments:
jvm_args: -XX:TieredStopAtLevel=1 -Xverify:none -Dspring.output.ansi.enabled=always -Dcom.sun.management.jmxremote -Dcom.sun.management.jmxremote.port=59320 -Dcom.sun.management.jmxremote.authenticate=false -Dcom.sun.management.jmxremote.ssl=false -Djava.rmi.server.hostname=localhost -Dspring.liveBeansView.mbeanDomain -Dspring.application.admin.enabled=true -javaagent:C:\Program Files\JetBrains\IntelliJ IDEA 2017.3.4\lib\idea_rt.jar=59321:C:\Program Files\JetBrains\IntelliJ IDEA 2017.3.4\bin -Dfile.encoding=UTF-8 
java_command: com.qf.cloud.provider.ProviderServiceApplication
java_class_path (initial): C:\Program Files\Java\jdk1.8.0_121\jre\lib\charsets.jar;C:\Program Files\Java\jdk1.8.0_121\jre\lib\deploy.jar;C:\Program Files\Java\jdk1.8.0_121\jre\lib\ext\access-bridge-64.jar;C:\Program Files\Java\jdk1.8.0_121\jre\lib\ext\cldrdata.jar;C:\Program Files\Java\jdk1.8.0_121\jre\lib\ext\dnsns.jar;C:\Program Files\Java\jdk1.8.0_121\jre\lib\ext\jaccess.jar;C:\Program Files\Java\jdk1.8.0_121\jre\lib\ext\jfxrt.jar;C:\Program Files\Java\jdk1.8.0_121\jre\lib\ext\localedata.jar;C:\Program Files\Java\jdk1.8.0_121\jre\lib\ext\nashorn.jar;C:\Program Files\Java\jdk1.8.0_121\jre\lib\ext\sunec.jar;C:\Program Files\Java\jdk1.8.0_121\jre\lib\ext\sunjce_provider.jar;C:\Program Files\Java\jdk1.8.0_121\jre\lib\ext\sunmscapi.jar;C:\Program Files\Java\jdk1.8.0_121\jre\lib\ext\sunpkcs11.jar;C:\Program Files\Java\jdk1.8.0_121\jre\lib\ext\zipfs.jar;C:\Program Files\Java\jdk1.8.0_121\jre\lib\javaws.jar;C:\Program Files\Java\jdk1.8.0_121\jre\lib\jce.jar;C:\Program Files\Java\jdk1.8.0_121\jre\lib\jfr.jar;C:\Program Files\Java\jdk1.8.0_121\jre\lib\jfxswt.jar;C:\Program Files\Java\jdk1.8.0_121\jre\lib\jsse.jar;C:\Program Files\Java\jdk1.8.0_121\jre\lib\management-agent.jar;C:\Program Files\Java\jdk1.8.0_121\jre\lib\plugin.jar;C:\Program Files\Java\jdk1.8.0_121\jre\lib\resources.jar;C:\Program Files\Java\jdk1.8.0_121\jre\lib\rt.jar;D:\qf\°à¼¶\1903\codes\Day63_Spring Cloud Dubbo\dubbo\provider\provider-service\target\classes;D:\install\repository\org\springframework\boot\spring-boot-starter-web\2.1.6.RELEASE\spring-boot-starter-web-2.1.6.RELEASE.jar;D:\install\repository\org\springframework\boot\spring-boot-starter\2.1.6.RELEASE\spring-boot-starter-2.1.6.RELEASE.jar;D:\install\repository\org\springframework\boot\spring-boot\2.1.6.RELEASE\spring-boot-2.1.6.RELEASE.jar;D:\install\repository\org\springframework\boot\spring-boot-autoconfigure\2.1.6.RELEASE\spring-boot-autoconfigure-2.1.6.RELEASE.jar;D:\install\repository\org\springframework\boot\spring-boot-starter-logging\
Launcher Type: SUN_STANDARD

Environment Variables:
JAVA_HOME=C:\Program Files\Java\jdk1.8.0_121
PATH=C:\ProgramData\Oracle\Java\javapath;C:\Windows\SYSTEM32;C:\Windows;C:\Windows\SYSTEM32\WBEM;C:\Windows\SYSTEM32\WINDOWSPOWERSHELL\V1.0\;C:\Program Files\ThinkPad\Bluetooth Software\;C:\Program Files\ThinkPad\Bluetooth Software\syswow64;C:\Program Files\Java\jdk1.8.0_121\bin;D:\install\apache-maven-3.1.1\bin;C:\Program Files\Git\cmd;C:\Program Files\Git\bin;C:\Program Files\Git\mingw64\libexec\git-core;C:\Program Files\TortoiseGit\bin
USERNAME=Administrator
OS=Windows_NT
PROCESSOR_IDENTIFIER=Intel64 Family 6 Model 58 Stepping 9, GenuineIntel



---------------  S Y S T E M  ---------------

OS: Windows 7 , 64 bit Build 7601 (6.1.7601.23889)

CPU:total 4 (2 cores per cpu, 2 threads per core) family 6 model 58 stepping 9, cmov, cx8, fxsr, mmx, sse, sse2, sse3, ssse3, sse4.1, sse4.2, popcnt, avx, aes, clmul, erms, ht, tsc, tscinvbit, tscinv

Memory: 4k page, physical 8079004k(1323720k free), swap 8077144k(776k free)

vm_info: Java HotSpot(TM) 64-Bit Server VM (25.121-b13) for windows-amd64 JRE (1.8.0_121-b13), built on Dec 12 2016 18:21:36 by "java_re" with MS VC++ 10.0 (VS2010)

time: Fri Aug 09 16:56:16 2019
elapsed time: 4 seconds (0d 0h 0m 4s)

